<?xml version="1.0" encoding="UTF-8"?>
<testsuite xmlns:xsi="http://www.w3.org/2001/XMLSchema-instance" xsi:noNamespaceSchemaLocation="https://maven.apache.org/surefire/maven-surefire-plugin/xsd/surefire-test-report.xsd" name="online.mengxun.server.controller.DockerRunCodeTest" time="0.094" tests="1" errors="0" skipped="0" failures="0">
  <properties>
    <property name="sun.desktop" value="windows"/>
    <property name="awt.toolkit" value="sun.awt.windows.WToolkit"/>
    <property name="file.encoding.pkg" value="sun.io"/>
    <property name="java.specification.version" value="1.8"/>
    <property name="sun.cpu.isalist" value="amd64"/>
    <property name="sun.jnu.encoding" value="GBK"/>
    <property name="java.class.path" value="D:\IdeaProjects\cxsjOj\target\test-classes;D:\IdeaProjects\cxsjOj\target\classes;D:\MAVEN\repository\org\springframework\boot\spring-boot-starter-web\2.0.3.RELEASE\spring-boot-starter-web-2.0.3.RELEASE.jar;D:\MAVEN\repository\org\springframework\boot\spring-boot-starter\2.0.3.RELEASE\spring-boot-starter-2.0.3.RELEASE.jar;D:\MAVEN\repository\org\springframework\boot\spring-boot-starter-logging\2.0.3.RELEASE\spring-boot-starter-logging-2.0.3.RELEASE.jar;D:\MAVEN\repository\ch\qos\logback\logback-classic\1.2.3\logback-classic-1.2.3.jar;D:\MAVEN\repository\ch\qos\logback\logback-core\1.2.3\logback-core-1.2.3.jar;D:\MAVEN\repository\org\apache\logging\log4j\log4j-to-slf4j\2.10.0\log4j-to-slf4j-2.10.0.jar;D:\MAVEN\repository\org\apache\logging\log4j\log4j-api\2.10.0\log4j-api-2.10.0.jar;D:\MAVEN\repository\org\slf4j\jul-to-slf4j\1.7.25\jul-to-slf4j-1.7.25.jar;D:\MAVEN\repository\javax\annotation\javax.annotation-api\1.3.2\javax.annotation-api-1.3.2.jar;D:\MAVEN\repository\org\yaml\snakeyaml\1.19\snakeyaml-1.19.jar;D:\MAVEN\repository\org\springframework\boot\spring-boot-starter-json\2.0.3.RELEASE\spring-boot-starter-json-2.0.3.RELEASE.jar;D:\MAVEN\repository\com\fasterxml\jackson\core\jackson-databind\2.9.6\jackson-databind-2.9.6.jar;D:\MAVEN\repository\com\fasterxml\jackson\core\jackson-annotations\2.9.0\jackson-annotations-2.9.0.jar;D:\MAVEN\repository\com\fasterxml\jackson\core\jackson-core\2.9.6\jackson-core-2.9.6.jar;D:\MAVEN\repository\com\fasterxml\jackson\datatype\jackson-datatype-jdk8\2.9.6\jackson-datatype-jdk8-2.9.6.jar;D:\MAVEN\repository\com\fasterxml\jackson\datatype\jackson-datatype-jsr310\2.9.6\jackson-datatype-jsr310-2.9.6.jar;D:\MAVEN\repository\com\fasterxml\jackson\module\jackson-module-parameter-names\2.9.6\jackson-module-parameter-names-2.9.6.jar;D:\MAVEN\repository\org\springframework\boot\spring-boot-starter-tomcat\2.0.3.RELEASE\spring-boot-starter-tomcat-2.0.3.RELEASE.jar;D:\MAVEN\repository\org\apache\tomcat\embed\tomcat-embed-core\8.5.31\tomcat-embed-core-8.5.31.jar;D:\MAVEN\repository\org\apache\tomcat\embed\tomcat-embed-el\8.5.31\tomcat-embed-el-8.5.31.jar;D:\MAVEN\repository\org\apache\tomcat\embed\tomcat-embed-websocket\8.5.31\tomcat-embed-websocket-8.5.31.jar;D:\MAVEN\repository\org\hibernate\validator\hibernate-validator\6.0.10.Final\hibernate-validator-6.0.10.Final.jar;D:\MAVEN\repository\javax\validation\validation-api\2.0.1.Final\validation-api-2.0.1.Final.jar;D:\MAVEN\repository\org\jboss\logging\jboss-logging\3.3.2.Final\jboss-logging-3.3.2.Final.jar;D:\MAVEN\repository\com\fasterxml\classmate\1.3.4\classmate-1.3.4.jar;D:\MAVEN\repository\org\springframework\spring-web\5.0.7.RELEASE\spring-web-5.0.7.RELEASE.jar;D:\MAVEN\repository\org\springframework\spring-beans\5.0.7.RELEASE\spring-beans-5.0.7.RELEASE.jar;D:\MAVEN\repository\org\springframework\spring-webmvc\5.0.7.RELEASE\spring-webmvc-5.0.7.RELEASE.jar;D:\MAVEN\repository\org\springframework\spring-aop\5.0.7.RELEASE\spring-aop-5.0.7.RELEASE.jar;D:\MAVEN\repository\org\springframework\spring-context\5.0.7.RELEASE\spring-context-5.0.7.RELEASE.jar;D:\MAVEN\repository\org\springframework\spring-expression\5.0.7.RELEASE\spring-expression-5.0.7.RELEASE.jar;D:\MAVEN\repository\org\springframework\boot\spring-boot-devtools\2.0.3.RELEASE\spring-boot-devtools-2.0.3.RELEASE.jar;D:\MAVEN\repository\org\springframework\boot\spring-boot\2.0.3.RELEASE\spring-boot-2.0.3.RELEASE.jar;D:\MAVEN\repository\org\springframework\boot\spring-boot-autoconfigure\2.0.3.RELEASE\spring-boot-autoconfigure-2.0.3.RELEASE.jar;D:\MAVEN\repository\com\alibaba\fastjson\1.2.73\fastjson-1.2.73.jar;D:\MAVEN\repository\mysql\mysql-connector-java\5.1.47\mysql-connector-java-5.1.47.jar;D:\MAVEN\repository\org\mybatis\spring\boot\mybatis-spring-boot-starter\1.3.1\mybatis-spring-boot-starter-1.3.1.jar;D:\MAVEN\repository\org\springframework\boot\spring-boot-starter-jdbc\2.0.3.RELEASE\spring-boot-starter-jdbc-2.0.3.RELEASE.jar;D:\MAVEN\repository\com\zaxxer\HikariCP\2.7.9\HikariCP-2.7.9.jar;D:\MAVEN\repository\org\springframework\spring-jdbc\5.0.7.RELEASE\spring-jdbc-5.0.7.RELEASE.jar;D:\MAVEN\repository\org\mybatis\spring\boot\mybatis-spring-boot-autoconfigure\1.3.1\mybatis-spring-boot-autoconfigure-1.3.1.jar;D:\MAVEN\repository\org\mybatis\mybatis\3.4.5\mybatis-3.4.5.jar;D:\MAVEN\repository\org\mybatis\mybatis-spring\1.3.1\mybatis-spring-1.3.1.jar;D:\MAVEN\repository\org\eclipse\jgit\org.eclipse.jgit\5.5.1.201910021850-r\org.eclipse.jgit-5.5.1.201910021850-r.jar;D:\MAVEN\repository\com\jcraft\jsch\0.1.55\jsch-0.1.55.jar;D:\MAVEN\repository\com\jcraft\jzlib\1.1.1\jzlib-1.1.1.jar;D:\MAVEN\repository\com\googlecode\javaewah\JavaEWAH\1.1.6\JavaEWAH-1.1.6.jar;D:\MAVEN\repository\org\slf4j\slf4j-api\1.7.25\slf4j-api-1.7.25.jar;D:\MAVEN\repository\org\bouncycastle\bcpg-jdk15on\1.61\bcpg-jdk15on-1.61.jar;D:\MAVEN\repository\org\bouncycastle\bcprov-jdk15on\1.61\bcprov-jdk15on-1.61.jar;D:\MAVEN\repository\org\bouncycastle\bcpkix-jdk15on\1.61\bcpkix-jdk15on-1.61.jar;D:\MAVEN\repository\org\springframework\boot\spring-boot-starter-data-jpa\2.0.3.RELEASE\spring-boot-starter-data-jpa-2.0.3.RELEASE.jar;D:\MAVEN\repository\org\springframework\boot\spring-boot-starter-aop\2.0.3.RELEASE\spring-boot-starter-aop-2.0.3.RELEASE.jar;D:\MAVEN\repository\org\aspectj\aspectjweaver\1.8.13\aspectjweaver-1.8.13.jar;D:\MAVEN\repository\org\hibernate\hibernate-core\5.2.17.Final\hibernate-core-5.2.17.Final.jar;D:\MAVEN\repository\org\hibernate\javax\persistence\hibernate-jpa-2.1-api\1.0.2.Final\hibernate-jpa-2.1-api-1.0.2.Final.jar;D:\MAVEN\repository\org\javassist\javassist\3.22.0-GA\javassist-3.22.0-GA.jar;D:\MAVEN\repository\antlr\antlr\2.7.7\antlr-2.7.7.jar;D:\MAVEN\repository\org\jboss\jandex\2.0.3.Final\jandex-2.0.3.Final.jar;D:\MAVEN\repository\dom4j\dom4j\1.6.1\dom4j-1.6.1.jar;D:\MAVEN\repository\org\hibernate\common\hibernate-commons-annotations\5.0.1.Final\hibernate-commons-annotations-5.0.1.Final.jar;D:\MAVEN\repository\javax\transaction\javax.transaction-api\1.2\javax.transaction-api-1.2.jar;D:\MAVEN\repository\org\springframework\data\spring-data-jpa\2.0.8.RELEASE\spring-data-jpa-2.0.8.RELEASE.jar;D:\MAVEN\repository\org\springframework\data\spring-data-commons\2.0.8.RELEASE\spring-data-commons-2.0.8.RELEASE.jar;D:\MAVEN\repository\org\springframework\spring-orm\5.0.7.RELEASE\spring-orm-5.0.7.RELEASE.jar;D:\MAVEN\repository\org\springframework\spring-tx\5.0.7.RELEASE\spring-tx-5.0.7.RELEASE.jar;D:\MAVEN\repository\org\springframework\spring-aspects\5.0.7.RELEASE\spring-aspects-5.0.7.RELEASE.jar;D:\MAVEN\repository\org\springframework\boot\spring-boot-configuration-processor\2.0.3.RELEASE\spring-boot-configuration-processor-2.0.3.RELEASE.jar;D:\MAVEN\repository\org\projectlombok\lombok\1.16.10\lombok-1.16.10.jar;D:\MAVEN\repository\org\junit\jupiter\junit-jupiter\5.6.2\junit-jupiter-5.6.2.jar;D:\MAVEN\repository\org\junit\jupiter\junit-jupiter-api\5.1.1\junit-jupiter-api-5.1.1.jar;D:\MAVEN\repository\org\apiguardian\apiguardian-api\1.0.0\apiguardian-api-1.0.0.jar;D:\MAVEN\repository\org\opentest4j\opentest4j\1.0.0\opentest4j-1.0.0.jar;D:\MAVEN\repository\org\junit\platform\junit-platform-commons\1.1.1\junit-platform-commons-1.1.1.jar;D:\MAVEN\repository\org\junit\jupiter\junit-jupiter-params\5.1.1\junit-jupiter-params-5.1.1.jar;D:\MAVEN\repository\org\junit\jupiter\junit-jupiter-engine\5.1.1\junit-jupiter-engine-5.1.1.jar;D:\MAVEN\repository\org\junit\platform\junit-platform-engine\1.1.1\junit-platform-engine-1.1.1.jar;D:\MAVEN\repository\org\springframework\boot\spring-boot-starter-test\2.0.3.RELEASE\spring-boot-starter-test-2.0.3.RELEASE.jar;D:\MAVEN\repository\org\springframework\boot\spring-boot-test\2.0.3.RELEASE\spring-boot-test-2.0.3.RELEASE.jar;D:\MAVEN\repository\org\springframework\boot\spring-boot-test-autoconfigure\2.0.3.RELEASE\spring-boot-test-autoconfigure-2.0.3.RELEASE.jar;D:\MAVEN\repository\com\jayway\jsonpath\json-path\2.4.0\json-path-2.4.0.jar;D:\MAVEN\repository\net\minidev\json-smart\2.3\json-smart-2.3.jar;D:\MAVEN\repository\net\minidev\accessors-smart\1.2\accessors-smart-1.2.jar;D:\MAVEN\repository\org\ow2\asm\asm\5.0.4\asm-5.0.4.jar;D:\MAVEN\repository\junit\junit\4.12\junit-4.12.jar;D:\MAVEN\repository\org\assertj\assertj-core\3.9.1\assertj-core-3.9.1.jar;D:\MAVEN\repository\org\mockito\mockito-core\2.15.0\mockito-core-2.15.0.jar;D:\MAVEN\repository\net\bytebuddy\byte-buddy\1.7.11\byte-buddy-1.7.11.jar;D:\MAVEN\repository\net\bytebuddy\byte-buddy-agent\1.7.11\byte-buddy-agent-1.7.11.jar;D:\MAVEN\repository\org\objenesis\objenesis\2.6\objenesis-2.6.jar;D:\MAVEN\repository\org\hamcrest\hamcrest-core\1.3\hamcrest-core-1.3.jar;D:\MAVEN\repository\org\hamcrest\hamcrest-library\1.3\hamcrest-library-1.3.jar;D:\MAVEN\repository\org\skyscreamer\jsonassert\1.5.0\jsonassert-1.5.0.jar;D:\MAVEN\repository\com\vaadin\external\google\android-json\0.0.20131108.vaadin1\android-json-0.0.20131108.vaadin1.jar;D:\MAVEN\repository\org\springframework\spring-core\5.0.7.RELEASE\spring-core-5.0.7.RELEASE.jar;D:\MAVEN\repository\org\springframework\spring-jcl\5.0.7.RELEASE\spring-jcl-5.0.7.RELEASE.jar;D:\MAVEN\repository\org\springframework\spring-test\5.0.7.RELEASE\spring-test-5.0.7.RELEASE.jar;D:\MAVEN\repository\org\xmlunit\xmlunit-core\2.5.1\xmlunit-core-2.5.1.jar;"/>
    <property name="java.vm.vendor" value="Oracle Corporation"/>
    <property name="sun.arch.data.model" value="64"/>
    <property name="user.variant" value=""/>
    <property name="java.vendor.url" value="http://java.oracle.com/"/>
    <property name="user.timezone" value=""/>
    <property name="java.vm.specification.version" value="1.8"/>
    <property name="os.name" value="Windows 10"/>
    <property name="user.country" value="CN"/>
    <property name="sun.java.launcher" value="SUN_STANDARD"/>
    <property name="sun.boot.library.path" value="D:\JavaSESet\jre\bin"/>
    <property name="sun.java.command" value="C:\Users\WUJUN~1.WAN\AppData\Local\Temp\surefire9169934561005845400\surefirebooter3245972523528625061.jar C:\Users\wujun.wang\AppData\Local\Temp\surefire9169934561005845400 2020-11-24T01-51-02_940-jvmRun1 surefire4992882188682452832tmp surefire_05775961384578310863tmp"/>
    <property name="surefire.test.class.path" value="D:\IdeaProjects\cxsjOj\target\test-classes;D:\IdeaProjects\cxsjOj\target\classes;D:\MAVEN\repository\org\springframework\boot\spring-boot-starter-web\2.0.3.RELEASE\spring-boot-starter-web-2.0.3.RELEASE.jar;D:\MAVEN\repository\org\springframework\boot\spring-boot-starter\2.0.3.RELEASE\spring-boot-starter-2.0.3.RELEASE.jar;D:\MAVEN\repository\org\springframework\boot\spring-boot-starter-logging\2.0.3.RELEASE\spring-boot-starter-logging-2.0.3.RELEASE.jar;D:\MAVEN\repository\ch\qos\logback\logback-classic\1.2.3\logback-classic-1.2.3.jar;D:\MAVEN\repository\ch\qos\logback\logback-core\1.2.3\logback-core-1.2.3.jar;D:\MAVEN\repository\org\apache\logging\log4j\log4j-to-slf4j\2.10.0\log4j-to-slf4j-2.10.0.jar;D:\MAVEN\repository\org\apache\logging\log4j\log4j-api\2.10.0\log4j-api-2.10.0.jar;D:\MAVEN\repository\org\slf4j\jul-to-slf4j\1.7.25\jul-to-slf4j-1.7.25.jar;D:\MAVEN\repository\javax\annotation\javax.annotation-api\1.3.2\javax.annotation-api-1.3.2.jar;D:\MAVEN\repository\org\yaml\snakeyaml\1.19\snakeyaml-1.19.jar;D:\MAVEN\repository\org\springframework\boot\spring-boot-starter-json\2.0.3.RELEASE\spring-boot-starter-json-2.0.3.RELEASE.jar;D:\MAVEN\repository\com\fasterxml\jackson\core\jackson-databind\2.9.6\jackson-databind-2.9.6.jar;D:\MAVEN\repository\com\fasterxml\jackson\core\jackson-annotations\2.9.0\jackson-annotations-2.9.0.jar;D:\MAVEN\repository\com\fasterxml\jackson\core\jackson-core\2.9.6\jackson-core-2.9.6.jar;D:\MAVEN\repository\com\fasterxml\jackson\datatype\jackson-datatype-jdk8\2.9.6\jackson-datatype-jdk8-2.9.6.jar;D:\MAVEN\repository\com\fasterxml\jackson\datatype\jackson-datatype-jsr310\2.9.6\jackson-datatype-jsr310-2.9.6.jar;D:\MAVEN\repository\com\fasterxml\jackson\module\jackson-module-parameter-names\2.9.6\jackson-module-parameter-names-2.9.6.jar;D:\MAVEN\repository\org\springframework\boot\spring-boot-starter-tomcat\2.0.3.RELEASE\spring-boot-starter-tomcat-2.0.3.RELEASE.jar;D:\MAVEN\repository\org\apache\tomcat\embed\tomcat-embed-core\8.5.31\tomcat-embed-core-8.5.31.jar;D:\MAVEN\repository\org\apache\tomcat\embed\tomcat-embed-el\8.5.31\tomcat-embed-el-8.5.31.jar;D:\MAVEN\repository\org\apache\tomcat\embed\tomcat-embed-websocket\8.5.31\tomcat-embed-websocket-8.5.31.jar;D:\MAVEN\repository\org\hibernate\validator\hibernate-validator\6.0.10.Final\hibernate-validator-6.0.10.Final.jar;D:\MAVEN\repository\javax\validation\validation-api\2.0.1.Final\validation-api-2.0.1.Final.jar;D:\MAVEN\repository\org\jboss\logging\jboss-logging\3.3.2.Final\jboss-logging-3.3.2.Final.jar;D:\MAVEN\repository\com\fasterxml\classmate\1.3.4\classmate-1.3.4.jar;D:\MAVEN\repository\org\springframework\spring-web\5.0.7.RELEASE\spring-web-5.0.7.RELEASE.jar;D:\MAVEN\repository\org\springframework\spring-beans\5.0.7.RELEASE\spring-beans-5.0.7.RELEASE.jar;D:\MAVEN\repository\org\springframework\spring-webmvc\5.0.7.RELEASE\spring-webmvc-5.0.7.RELEASE.jar;D:\MAVEN\repository\org\springframework\spring-aop\5.0.7.RELEASE\spring-aop-5.0.7.RELEASE.jar;D:\MAVEN\repository\org\springframework\spring-context\5.0.7.RELEASE\spring-context-5.0.7.RELEASE.jar;D:\MAVEN\repository\org\springframework\spring-expression\5.0.7.RELEASE\spring-expression-5.0.7.RELEASE.jar;D:\MAVEN\repository\org\springframework\boot\spring-boot-devtools\2.0.3.RELEASE\spring-boot-devtools-2.0.3.RELEASE.jar;D:\MAVEN\repository\org\springframework\boot\spring-boot\2.0.3.RELEASE\spring-boot-2.0.3.RELEASE.jar;D:\MAVEN\repository\org\springframework\boot\spring-boot-autoconfigure\2.0.3.RELEASE\spring-boot-autoconfigure-2.0.3.RELEASE.jar;D:\MAVEN\repository\com\alibaba\fastjson\1.2.73\fastjson-1.2.73.jar;D:\MAVEN\repository\mysql\mysql-connector-java\5.1.47\mysql-connector-java-5.1.47.jar;D:\MAVEN\repository\org\mybatis\spring\boot\mybatis-spring-boot-starter\1.3.1\mybatis-spring-boot-starter-1.3.1.jar;D:\MAVEN\repository\org\springframework\boot\spring-boot-starter-jdbc\2.0.3.RELEASE\spring-boot-starter-jdbc-2.0.3.RELEASE.jar;D:\MAVEN\repository\com\zaxxer\HikariCP\2.7.9\HikariCP-2.7.9.jar;D:\MAVEN\repository\org\springframework\spring-jdbc\5.0.7.RELEASE\spring-jdbc-5.0.7.RELEASE.jar;D:\MAVEN\repository\org\mybatis\spring\boot\mybatis-spring-boot-autoconfigure\1.3.1\mybatis-spring-boot-autoconfigure-1.3.1.jar;D:\MAVEN\repository\org\mybatis\mybatis\3.4.5\mybatis-3.4.5.jar;D:\MAVEN\repository\org\mybatis\mybatis-spring\1.3.1\mybatis-spring-1.3.1.jar;D:\MAVEN\repository\org\eclipse\jgit\org.eclipse.jgit\5.5.1.201910021850-r\org.eclipse.jgit-5.5.1.201910021850-r.jar;D:\MAVEN\repository\com\jcraft\jsch\0.1.55\jsch-0.1.55.jar;D:\MAVEN\repository\com\jcraft\jzlib\1.1.1\jzlib-1.1.1.jar;D:\MAVEN\repository\com\googlecode\javaewah\JavaEWAH\1.1.6\JavaEWAH-1.1.6.jar;D:\MAVEN\repository\org\slf4j\slf4j-api\1.7.25\slf4j-api-1.7.25.jar;D:\MAVEN\repository\org\bouncycastle\bcpg-jdk15on\1.61\bcpg-jdk15on-1.61.jar;D:\MAVEN\repository\org\bouncycastle\bcprov-jdk15on\1.61\bcprov-jdk15on-1.61.jar;D:\MAVEN\repository\org\bouncycastle\bcpkix-jdk15on\1.61\bcpkix-jdk15on-1.61.jar;D:\MAVEN\repository\org\springframework\boot\spring-boot-starter-data-jpa\2.0.3.RELEASE\spring-boot-starter-data-jpa-2.0.3.RELEASE.jar;D:\MAVEN\repository\org\springframework\boot\spring-boot-starter-aop\2.0.3.RELEASE\spring-boot-starter-aop-2.0.3.RELEASE.jar;D:\MAVEN\repository\org\aspectj\aspectjweaver\1.8.13\aspectjweaver-1.8.13.jar;D:\MAVEN\repository\org\hibernate\hibernate-core\5.2.17.Final\hibernate-core-5.2.17.Final.jar;D:\MAVEN\repository\org\hibernate\javax\persistence\hibernate-jpa-2.1-api\1.0.2.Final\hibernate-jpa-2.1-api-1.0.2.Final.jar;D:\MAVEN\repository\org\javassist\javassist\3.22.0-GA\javassist-3.22.0-GA.jar;D:\MAVEN\repository\antlr\antlr\2.7.7\antlr-2.7.7.jar;D:\MAVEN\repository\org\jboss\jandex\2.0.3.Final\jandex-2.0.3.Final.jar;D:\MAVEN\repository\dom4j\dom4j\1.6.1\dom4j-1.6.1.jar;D:\MAVEN\repository\org\hibernate\common\hibernate-commons-annotations\5.0.1.Final\hibernate-commons-annotations-5.0.1.Final.jar;D:\MAVEN\repository\javax\transaction\javax.transaction-api\1.2\javax.transaction-api-1.2.jar;D:\MAVEN\repository\org\springframework\data\spring-data-jpa\2.0.8.RELEASE\spring-data-jpa-2.0.8.RELEASE.jar;D:\MAVEN\repository\org\springframework\data\spring-data-commons\2.0.8.RELEASE\spring-data-commons-2.0.8.RELEASE.jar;D:\MAVEN\repository\org\springframework\spring-orm\5.0.7.RELEASE\spring-orm-5.0.7.RELEASE.jar;D:\MAVEN\repository\org\springframework\spring-tx\5.0.7.RELEASE\spring-tx-5.0.7.RELEASE.jar;D:\MAVEN\repository\org\springframework\spring-aspects\5.0.7.RELEASE\spring-aspects-5.0.7.RELEASE.jar;D:\MAVEN\repository\org\springframework\boot\spring-boot-configuration-processor\2.0.3.RELEASE\spring-boot-configuration-processor-2.0.3.RELEASE.jar;D:\MAVEN\repository\org\projectlombok\lombok\1.16.10\lombok-1.16.10.jar;D:\MAVEN\repository\org\junit\jupiter\junit-jupiter\5.6.2\junit-jupiter-5.6.2.jar;D:\MAVEN\repository\org\junit\jupiter\junit-jupiter-api\5.1.1\junit-jupiter-api-5.1.1.jar;D:\MAVEN\repository\org\apiguardian\apiguardian-api\1.0.0\apiguardian-api-1.0.0.jar;D:\MAVEN\repository\org\opentest4j\opentest4j\1.0.0\opentest4j-1.0.0.jar;D:\MAVEN\repository\org\junit\platform\junit-platform-commons\1.1.1\junit-platform-commons-1.1.1.jar;D:\MAVEN\repository\org\junit\jupiter\junit-jupiter-params\5.1.1\junit-jupiter-params-5.1.1.jar;D:\MAVEN\repository\org\junit\jupiter\junit-jupiter-engine\5.1.1\junit-jupiter-engine-5.1.1.jar;D:\MAVEN\repository\org\junit\platform\junit-platform-engine\1.1.1\junit-platform-engine-1.1.1.jar;D:\MAVEN\repository\org\springframework\boot\spring-boot-starter-test\2.0.3.RELEASE\spring-boot-starter-test-2.0.3.RELEASE.jar;D:\MAVEN\repository\org\springframework\boot\spring-boot-test\2.0.3.RELEASE\spring-boot-test-2.0.3.RELEASE.jar;D:\MAVEN\repository\org\springframework\boot\spring-boot-test-autoconfigure\2.0.3.RELEASE\spring-boot-test-autoconfigure-2.0.3.RELEASE.jar;D:\MAVEN\repository\com\jayway\jsonpath\json-path\2.4.0\json-path-2.4.0.jar;D:\MAVEN\repository\net\minidev\json-smart\2.3\json-smart-2.3.jar;D:\MAVEN\repository\net\minidev\accessors-smart\1.2\accessors-smart-1.2.jar;D:\MAVEN\repository\org\ow2\asm\asm\5.0.4\asm-5.0.4.jar;D:\MAVEN\repository\junit\junit\4.12\junit-4.12.jar;D:\MAVEN\repository\org\assertj\assertj-core\3.9.1\assertj-core-3.9.1.jar;D:\MAVEN\repository\org\mockito\mockito-core\2.15.0\mockito-core-2.15.0.jar;D:\MAVEN\repository\net\bytebuddy\byte-buddy\1.7.11\byte-buddy-1.7.11.jar;D:\MAVEN\repository\net\bytebuddy\byte-buddy-agent\1.7.11\byte-buddy-agent-1.7.11.jar;D:\MAVEN\repository\org\objenesis\objenesis\2.6\objenesis-2.6.jar;D:\MAVEN\repository\org\hamcrest\hamcrest-core\1.3\hamcrest-core-1.3.jar;D:\MAVEN\repository\org\hamcrest\hamcrest-library\1.3\hamcrest-library-1.3.jar;D:\MAVEN\repository\org\skyscreamer\jsonassert\1.5.0\jsonassert-1.5.0.jar;D:\MAVEN\repository\com\vaadin\external\google\android-json\0.0.20131108.vaadin1\android-json-0.0.20131108.vaadin1.jar;D:\MAVEN\repository\org\springframework\spring-core\5.0.7.RELEASE\spring-core-5.0.7.RELEASE.jar;D:\MAVEN\repository\org\springframework\spring-jcl\5.0.7.RELEASE\spring-jcl-5.0.7.RELEASE.jar;D:\MAVEN\repository\org\springframework\spring-test\5.0.7.RELEASE\spring-test-5.0.7.RELEASE.jar;D:\MAVEN\repository\org\xmlunit\xmlunit-core\2.5.1\xmlunit-core-2.5.1.jar;"/>
    <property name="sun.cpu.endian" value="little"/>
    <property name="user.home" value="C:\Users\wujun.wang"/>
    <property name="user.language" value="zh"/>
    <property name="java.specification.vendor" value="Oracle Corporation"/>
    <property name="java.home" value="D:\JavaSESet\jre"/>
    <property name="basedir" value="D:\IdeaProjects\cxsjOj"/>
    <property name="file.separator" value="\"/>
    <property name="line.separator" value="&#10;"/>
    <property name="java.vm.specification.vendor" value="Oracle Corporation"/>
    <property name="java.specification.name" value="Java Platform API Specification"/>
    <property name="java.awt.graphicsenv" value="sun.awt.Win32GraphicsEnvironment"/>
    <property name="surefire.real.class.path" value="C:\Users\WUJUN~1.WAN\AppData\Local\Temp\surefire9169934561005845400\surefirebooter3245972523528625061.jar"/>
    <property name="sun.boot.class.path" value="D:\JavaSESet\jre\lib\resources.jar;D:\JavaSESet\jre\lib\rt.jar;D:\JavaSESet\jre\lib\sunrsasign.jar;D:\JavaSESet\jre\lib\jsse.jar;D:\JavaSESet\jre\lib\jce.jar;D:\JavaSESet\jre\lib\charsets.jar;D:\JavaSESet\jre\lib\jfr.jar;D:\JavaSESet\jre\classes"/>
    <property name="user.script" value=""/>
    <property name="sun.management.compiler" value="HotSpot 64-Bit Tiered Compilers"/>
    <property name="java.runtime.version" value="1.8.0_74-b02"/>
    <property name="user.name" value="wujun.wang"/>
    <property name="path.separator" value=";"/>
    <property name="os.version" value="10.0"/>
    <property name="java.endorsed.dirs" value="D:\JavaSESet\jre\lib\endorsed"/>
    <property name="java.runtime.name" value="Java(TM) SE Runtime Environment"/>
    <property name="file.encoding" value="GBK"/>
    <property name="java.vm.name" value="Java HotSpot(TM) 64-Bit Server VM"/>
    <property name="localRepository" value="D:\MAVEN\repository"/>
    <property name="java.vendor.url.bug" value="http://bugreport.sun.com/bugreport/"/>
    <property name="java.io.tmpdir" value="C:\Users\WUJUN~1.WAN\AppData\Local\Temp\"/>
    <property name="java.version" value="1.8.0_74"/>
    <property name="user.dir" value="D:\IdeaProjects\cxsjOj"/>
    <property name="os.arch" value="amd64"/>
    <property name="java.vm.specification.name" value="Java Virtual Machine Specification"/>
    <property name="java.awt.printerjob" value="sun.awt.windows.WPrinterJob"/>
    <property name="sun.os.patch.level" value=""/>
    <property name="java.library.path" value="D:\JavaSESet\jre\bin;C:\windows\Sun\Java\bin;C:\windows\system32;C:\windows;D:\VMware16\bin\;D:\XShell\;C:\ProgramData\Oracle\Java\javapath;D:\;D:\JavaSESet\bin;D:\JavaSESet\jre\bin;D:\bin;D:\mysql-8.0.19-winx64\bin;C:\windows\system32\;C:\Program Files\Oracle\VirtualBox;D:\Python37\;D:\Python37\Scripts;D:\MAVEN\apache-maven-3.6.0\bin;C:\ProgramData\chocolatey\bin;D:\NodeJs\;D:\GO\bin;C:\Program Files\dotnet\;C:\Program Files\Microsoft SQL Server\130\Tools\Binn\;C:\Program Files\Microsoft SQL Server\Client SDK\ODBC\170\Tools\Binn\;D:\MinGW\mingw64\bin;C:\Program Files\OpenSSH\bin;D:\Git\cmd;C:\Program Files\Docker\Docker\resources\bin;C:\ProgramData\DockerDesktop\version-bin;C:\Users\wujun.wang\AppData\Local\Programs\Microsoft VS Code\bin;D:\ChromeCore;;D:\IDEA\IntelliJ IDEA 2019.3.3\bin;;C:\Users\wujun.wang\AppData\Roaming\npm;D:\WebStorm\WebStorm 2020.1.3\bin;;D:\GoLand\GoLand 2020.1.4\bin;;C:\Users\wujun.wang\go\bin;C:\Users\wujun.wang\.dotnet\tools;D:\IDEA\IntelliJ IDEA 2019.3.3\bin;;D:\Docker\Docker Toolbox;."/>
    <property name="java.vm.info" value="mixed mode"/>
    <property name="java.vendor" value="Oracle Corporation"/>
    <property name="java.vm.version" value="25.74-b02"/>
    <property name="java.ext.dirs" value="D:\JavaSESet\jre\lib\ext;C:\windows\Sun\Java\lib\ext"/>
    <property name="sun.io.unicode.encoding" value="UnicodeLittle"/>
    <property name="java.class.version" value="52.0"/>
  </properties>
  <testcase name="TestRunCode" classname="online.mengxun.server.controller.DockerRunCodeTest" time="0"/>
</testsuite>